<?xml version="1.0" encoding="UTF-8"?>
<!-- Generated by org.testng.reporters.JUnitXMLReporter -->
<testsuite ignored="6" hostname="DESKTOP-T9STJ9I" failures="0" tests="4" name="Regression Test for Action Items_7" time="327.28" errors="0" timestamp="2020-06-04T22:16:34 EDT">
  <testcase classname="Action_Items.Google_Search_7" name="Google_Search_verification" time="5.157"/>
  <testcase classname="Action_Items.Weight_Watchers_7" name="Weight_Watchers_verification" time="77.959"/>
  <testcase classname="Action_Items.MetLife_7" name="MetLife_verification" time="179.686"/>
  <testcase classname="Action_Items.Excel_Google_Search_7" name="Google_Search_7" time="64.341"/>
  <testcase classname="Reusable_Classes.Abstract_Class_ActionItms_7" name="@BeforeSuite defineDriver" time="0.0">
    <ignored/>
  </testcase> <!-- @BeforeSuite defineDriver -->
  <testcase classname="Reusable_Classes.Abstract_Class_ActionItms_7" name="@BeforeSuite defineDriver" time="0.0">
    <ignored/>
  </testcase> <!-- @BeforeSuite defineDriver -->
  <testcase classname="Reusable_Classes.Abstract_Class_ActionItms_7" name="@BeforeSuite defineDriver" time="0.0">
    <ignored/>
  </testcase> <!-- @BeforeSuite defineDriver -->
  <testcase classname="Reusable_Classes.Abstract_Class_ActionItms_7" name="@AfterSuite closeinfo" time="0.0">
    <ignored/>
  </testcase> <!-- @AfterSuite closeinfo -->
  <testcase classname="Reusable_Classes.Abstract_Class_ActionItms_7" name="@AfterSuite closeinfo" time="0.0">
    <ignored/>
  </testcase> <!-- @AfterSuite closeinfo -->
  <testcase classname="Reusable_Classes.Abstract_Class_ActionItms_7" name="@AfterSuite closeinfo" time="0.0">
    <ignored/>
  </testcase> <!-- @AfterSuite closeinfo -->
</testsuite> <!-- Regression Test for Action Items_7 -->
